<?xml version="1.0" encoding="UTF-8"?>
<!-- Generated by org.testng.reporters.JUnitReportReporter -->
<testsuite hostname="Nilay" failures="0" tests="2" name="FacebookLogin.LoginParameter" time="14.328" errors="0" timestamp="2024-09-25T13:16:38 IST" skipped="0">
  <testcase classname="FacebookLogin.LoginParameter" name="loginTest" time="5.523"/>
  <testcase classname="FacebookLogin.LoginParameter" name="loginTest" time="8.805"/>
</testsuite> <!-- FacebookLogin.LoginParameter -->
