<?xml version="1.0" encoding="UTF-8"?>
<!-- Generated by org.testng.reporters.JUnitReportReporter -->
<testsuite hostname="Nilay" failures="0" tests="1" name="insta.User" time="0.017" errors="0" timestamp="2024-09-25T12:23:24 IST" skipped="0">
  <testcase classname="insta.User" name="Login" time="0.017"/>
</testsuite> <!-- insta.User -->
