<?xml version="1.0" encoding="UTF-8"?>
<!-- Generated by org.testng.reporters.JUnitReportReporter -->
<testsuite hostname="Nilay" failures="0" tests="2" name="insta.Story" time="0.003" errors="0" timestamp="2024-09-25T12:23:24 IST" skipped="0">
  <testcase classname="insta.Story" name="Create" time="0.002"/>
  <testcase classname="insta.Story" name="remove" time="0.001"/>
</testsuite> <!-- insta.Story -->
