<?xml version="1.0" encoding="UTF-8"?>
<!-- Generated by org.testng.reporters.JUnitReportReporter -->
<testsuite hostname="Nilay" failures="0" tests="1" name="DataProvider.LoginParameter" time="5.667" errors="0" timestamp="2024-09-25T12:32:06 IST" skipped="0">
  <testcase classname="DataProvider.LoginParameter" name="loginTest" time="5.667"/>
</testsuite> <!-- DataProvider.LoginParameter -->
