<?xml version="1.0" encoding="UTF-8"?>
<!-- Generated by org.testng.reporters.JUnitReportReporter -->
<testsuite hostname="Nilay" failures="0" tests="1" name="assginment.P015_que010" time="7.286" errors="0" timestamp="2024-09-25T13:27:59 IST" skipped="0">
  <testcase classname="assginment.P015_que010" name="Login" time="7.286"/>
</testsuite> <!-- assginment.P015_que010 -->
