<?xml version="1.0" encoding="UTF-8"?>
<!-- Generated by org.testng.reporters.JUnitReportReporter -->
<testsuite hostname="Nilay" failures="0" tests="2" name="Assessment.P004" time="97.909" errors="0" timestamp="2024-10-17T15:39:08 IST" skipped="0">
  <testcase classname="Assessment.P004" name="LoginTest" time="50.094"/>
  <testcase classname="Assessment.P004" name="LoginTest" time="47.815"/>
</testsuite> <!-- Assessment.P004 -->
